2020-08-26 17:11:10,311 INFO [http-nio-8081-exec-9] f.e.ProjectEnchereEni [ServletDeconnexion.java:44] Deconnexion : Max
2020-08-27 09:22:33,881 INFO [http-nio-8081-exec-1] f.e.ProjectEnchereEni [ServletVersPageConnection.java:66] Connexion : Max
2020-08-27 13:45:02,323 INFO [http-nio-8081-exec-2] f.e.ProjectEnchereEni [ServletVersPageConnection.java:66] Connexion : Max
2020-08-27 14:18:39,929 INFO [http-nio-8081-exec-1] f.e.ProjectEnchereEni [ServletVersPageConnection.java:66] Connexion : Max
2020-08-27 14:26:48,544 INFO [http-nio-8081-exec-1] f.e.ProjectEnchereEni [ServletDeconnexion.java:44] Deconnexion : Max
2020-08-27 14:27:02,340 INFO [http-nio-8081-exec-6] f.e.ProjectEnchereEni [ServletVersPageConnection.java:66] Connexion : adeline44
2020-08-27 15:29:27,220 INFO [http-nio-8081-exec-3] f.e.ProjectEnchereEni [ServletVersPageConnection.java:66] Connexion : Max
2020-08-27 15:39:09,992 INFO [http-nio-8081-exec-5] f.e.ProjectEnchereEni [ServletVersPageConnection.java:66] Connexion : Max
2020-08-27 15:45:29,913 INFO [http-nio-8081-exec-1] f.e.ProjectEnchereEni [ServletVersPageConnection.java:66] Connexion : adeline44
2020-08-27 15:55:39,631 INFO [http-nio-8081-exec-9] f.e.ProjectEnchereEni [ServletDeconnexion.java:44] Deconnexion : adeline44
2020-08-27 15:56:52,665 INFO [http-nio-8081-exec-10] f.e.ProjectEnchereEni [ServletVersPageConnection.java:66] Connexion : Max
2020-08-27 15:57:04,753 INFO [http-nio-8081-exec-5] f.e.ProjectEnchereEni [ServletDeconnexion.java:44] Deconnexion : Max
2020-08-27 16:05:41,699 INFO [http-nio-8081-exec-6] f.e.ProjectEnchereEni [ServletVersPageConnection.java:66] Connexion : Max
2020-08-27 16:15:30,065 INFO [http-nio-8081-exec-1] f.e.ProjectEnchereEni [ServletVersPageConnection.java:66] Connexion : adeline44
2020-08-27 16:22:26,229 INFO [http-nio-8081-exec-6] f.e.ProjectEnchereEni [ServletDeconnexion.java:44] Deconnexion : adeline44
2020-08-27 16:32:14,775 INFO [http-nio-8081-exec-5] f.e.ProjectEnchereEni [ServletVersPageConnection.java:66] Connexion : adeline44
2020-08-27 16:39:21,542 INFO [http-nio-8081-exec-4] f.e.ProjectEnchereEni [ServletDeconnexion.java:44] Deconnexion : adeline44
2020-08-27 16:42:16,731 INFO [http-nio-8081-exec-8] f.e.ProjectEnchereEni [ServletVersPageConnection.java:66] Connexion : adeline44
2020-08-27 16:48:51,297 INFO [http-nio-8081-exec-3] f.e.ProjectEnchereEni [ServletDeconnexion.java:44] Deconnexion : adeline44
2020-08-27 16:48:59,575 INFO [http-nio-8081-exec-4] f.e.ProjectEnchereEni [ServletVersPageConnection.java:66] Connexion : adeline44
2020-08-27 17:11:53,720 INFO [http-nio-8081-exec-9] f.e.ProjectEnchereEni [ServletDeconnexion.java:44] Deconnexion : adeline44
2020-08-27 17:12:00,334 INFO [http-nio-8081-exec-2] f.e.ProjectEnchereEni [ServletVersPageConnection.java:66] Connexion : Max
2020-08-27 17:12:51,108 INFO [http-nio-8081-exec-11] f.e.ProjectEnchereEni [ServletVersPageConnection.java:66] Connexion : adeline44
2020-08-27 17:13:07,080 INFO [http-nio-8081-exec-15] f.e.ProjectEnchereEni [ServletDeconnexion.java:44] Deconnexion : adeline44
2020-08-27 17:13:23,429 INFO [http-nio-8081-exec-20] f.e.ProjectEnchereEni [ServletVersPageConnection.java:66] Connexion : Utilisateur Supprimé
2020-08-27 17:13:30,507 INFO [http-nio-8081-exec-19] f.e.ProjectEnchereEni [ServletDeconnexion.java:44] Deconnexion : Utilisateur Supprimé
